<?xml version="1.0" encoding="UTF-8"?>
<!-- Generated by org.testng.reporters.JUnitXMLReporter -->
<testsuite hostname="DESKTOP-2A0C793" ignored="0" name="Default test" tests="3" failures="0" timestamp="24 Apr 2022 14:46:37 GMT" time="40.911" errors="0">
  <testcase name="tc1" time="10.248" classname="com.maven.in.Dataprovider"/>
  <testcase name="tc1" time="15.525" classname="com.maven.in.Dataprovider"/>
  <testcase name="tc1" time="15.086" classname="com.maven.in.Dataprovider"/>
</testsuite> <!-- Default test -->
