<?xml version="1.0" encoding="UTF-8"?>
<!-- Generated by org.testng.reporters.JUnitXMLReporter -->
<testsuite hostname="DESKTOP-2A0C793" ignored="0" name="Test" tests="9" failures="0" timestamp="25 Apr 2022 08:26:39 GMT" time="0.114" errors="0">
  <testcase name="tc3" time="0.031" classname="com.maven.in.Parallel1"/>
  <testcase name="tc1" time="0.034" classname="com.maven.in.Parallel1"/>
  <testcase name="tc2" time="0.031" classname="com.maven.in.Parallel1"/>
  <testcase name="tc200" time="0.0" classname="com.maven.in.Parallel2"/>
  <testcase name="tc300" time="0.0" classname="com.maven.in.Parallel2"/>
  <testcase name="tc1000" time="0.0" classname="com.maven.in.Parallel3"/>
  <testcase name="tc100" time="0.031" classname="com.maven.in.Parallel2"/>
  <testcase name="tc2000" time="0.0" classname="com.maven.in.Parallel3"/>
  <testcase name="tc3000" time="0.0" classname="com.maven.in.Parallel3"/>
</testsuite> <!-- Test -->
